219 INFO: PyInstaller: 6.16.0, contrib hooks: 2025.9
220 INFO: Python: 3.13.9
243 INFO: Platform: Windows-11-10.0.26100-SP0
243 INFO: Python environment: c:\Users\parke\OneDrive\Desktop\Haven_Mdev\.venv
244 INFO: wrote C:\Users\parke\OneDrive\Desktop\Haven_Mdev\HavenControlRoom.spec
246 INFO: Removing temporary files and cleaning cache in C:\Users\parke\AppData\Local\pyinstaller
257 INFO: Module search paths (PYTHONPATH):
['C:\\Users\\parke\\OneDrive\\Desktop\\Haven_Mdev',
 'C:\\Users\\parke\\AppData\\Local\\Programs\\Python\\Python313\\python313.zip',
 'C:\\Users\\parke\\AppData\\Local\\Programs\\Python\\Python313\\DLLs',
 'C:\\Users\\parke\\AppData\\Local\\Programs\\Python\\Python313\\Lib',
 'C:\\Users\\parke\\AppData\\Local\\Programs\\Python\\Python313',
 'c:\\Users\\parke\\OneDrive\\Desktop\\Haven_Mdev\\.venv',
 'c:\\Users\\parke\\OneDrive\\Desktop\\Haven_Mdev\\.venv\\Lib\\site-packages',
 'c:\\Users\\parke\\OneDrive\\Desktop\\Haven_Mdev\\.venv\\Lib\\site-packages\\setuptools\\_vendor',
 'C:\\Users\\parke\\OneDrive\\Desktop\\Haven_Mdev\\src']
704 INFO: checking Analysis
704 INFO: Building Analysis because Analysis-00.toc is non existent
704 INFO: Looking for Python shared library...
704 INFO: Using Python shared library: C:\Users\parke\AppData\Local\Programs\Python\Python313\python313.dll
705 INFO: Running Analysis Analysis-00.toc
705 INFO: Target bytecode optimization level: 0
705 INFO: Initializing module dependency graph...
706 INFO: Initializing module graph hook caches...
725 INFO: Analyzing modules for base_library.zip ...
2325 INFO: Processing standard module hook 'hook-encodings.py' from 'c:\\Users\\parke\\OneDrive\\Desktop\\Haven_Mdev\\.venv\\Lib\\site-packages\\PyInstaller\\hooks'
4310 INFO: Processing standard module hook 'hook-pickle.py' from 'c:\\Users\\parke\\OneDrive\\Desktop\\Haven_Mdev\\.venv\\Lib\\site-packages\\PyInstaller\\hooks'
5486 INFO: Processing standard module hook 'hook-heapq.py' from 'c:\\Users\\parke\\OneDrive\\Desktop\\Haven_Mdev\\.venv\\Lib\\site-packages\\PyInstaller\\hooks'
6064 INFO: Caching module dependency graph...
6104 INFO: Analyzing C:\Users\parke\OneDrive\Desktop\Haven_Mdev\src\control_room.py
6303 INFO: Processing standard module hook 'hook-customtkinter.py' from 'c:\\Users\\parke\\OneDrive\\Desktop\\Haven_Mdev\\.venv\\Lib\\site-packages\\_pyinstaller_hooks_contrib\\stdhooks'
6418 INFO: Processing pre-find-module-path hook 'hook-tkinter.py' from 'c:\\Users\\parke\\OneDrive\\Desktop\\Haven_Mdev\\.venv\\Lib\\site-packages\\PyInstaller\\hooks\\pre_find_module_path'
6418 INFO: TclTkInfo: initializing cached Tcl/Tk info...
6734 INFO: Processing standard module hook 'hook-_tkinter.py' from 'c:\\Users\\parke\\OneDrive\\Desktop\\Haven_Mdev\\.venv\\Lib\\site-packages\\PyInstaller\\hooks'
6825 INFO: Processing standard module hook 'hook-platform.py' from 'c:\\Users\\parke\\OneDrive\\Desktop\\Haven_Mdev\\.venv\\Lib\\site-packages\\PyInstaller\\hooks'
6849 INFO: Processing standard module hook 'hook-_ctypes.py' from 'c:\\Users\\parke\\OneDrive\\Desktop\\Haven_Mdev\\.venv\\Lib\\site-packages\\PyInstaller\\hooks'
6889 INFO: Processing pre-safe-import-module hook 'hook-packaging.py' from 'c:\\Users\\parke\\OneDrive\\Desktop\\Haven_Mdev\\.venv\\Lib\\site-packages\\PyInstaller\\hooks\\pre_safe_import_module'
6890 INFO: SetuptoolsInfo: initializing cached setuptools info...
10883 INFO: Processing pre-safe-import-module hook 'hook-typing_extensions.py' from 'c:\\Users\\parke\\OneDrive\\Desktop\\Haven_Mdev\\.venv\\Lib\\site-packages\\PyInstaller\\hooks\\pre_safe_import_module'
10884 INFO: Setuptools: 'typing_extensions' appears to be a setuptools-vendored copy - creating alias to 'setuptools._vendor.typing_extensions'!
10892 INFO: Processing standard module hook 'hook-setuptools.py' from 'c:\\Users\\parke\\OneDrive\\Desktop\\Haven_Mdev\\.venv\\Lib\\site-packages\\PyInstaller\\hooks'
10907 INFO: Processing pre-safe-import-module hook 'hook-distutils.py' from 'c:\\Users\\parke\\OneDrive\\Desktop\\Haven_Mdev\\.venv\\Lib\\site-packages\\PyInstaller\\hooks\\pre_safe_import_module'
10963 INFO: Processing standard module hook 'hook-sysconfig.py' from 'c:\\Users\\parke\\OneDrive\\Desktop\\Haven_Mdev\\.venv\\Lib\\site-packages\\PyInstaller\\hooks'
10973 INFO: Processing pre-safe-import-module hook 'hook-jaraco.functools.py' from 'c:\\Users\\parke\\OneDrive\\Desktop\\Haven_Mdev\\.venv\\Lib\\site-packages\\PyInstaller\\hooks\\pre_safe_import_module'
10973 INFO: Setuptools: 'jaraco.functools' appears to be a setuptools-vendored copy - creating alias to 'setuptools._vendor.jaraco.functools'!
10985 INFO: Processing pre-safe-import-module hook 'hook-more_itertools.py' from 'c:\\Users\\parke\\OneDrive\\Desktop\\Haven_Mdev\\.venv\\Lib\\site-packages\\PyInstaller\\hooks\\pre_safe_import_module'
10986 INFO: Setuptools: 'more_itertools' appears to be a setuptools-vendored copy - creating alias to 'setuptools._vendor.more_itertools'!
11367 INFO: Processing pre-safe-import-module hook 'hook-jaraco.text.py' from 'c:\\Users\\parke\\OneDrive\\Desktop\\Haven_Mdev\\.venv\\Lib\\site-packages\\PyInstaller\\hooks\\pre_safe_import_module'
11368 INFO: Setuptools: 'jaraco.text' appears to be a setuptools-vendored copy - creating alias to 'setuptools._vendor.jaraco.text'!
11380 INFO: Processing standard module hook 'hook-setuptools._vendor.jaraco.text.py' from 'c:\\Users\\parke\\OneDrive\\Desktop\\Haven_Mdev\\.venv\\Lib\\site-packages\\PyInstaller\\hooks'
11382 INFO: Processing pre-safe-import-module hook 'hook-importlib_resources.py' from 'c:\\Users\\parke\\OneDrive\\Desktop\\Haven_Mdev\\.venv\\Lib\\site-packages\\PyInstaller\\hooks\\pre_safe_import_module'
11385 INFO: Processing pre-safe-import-module hook 'hook-jaraco.context.py' from 'c:\\Users\\parke\\OneDrive\\Desktop\\Haven_Mdev\\.venv\\Lib\\site-packages\\PyInstaller\\hooks\\pre_safe_import_module'
11385 INFO: Setuptools: 'jaraco.context' appears to be a setuptools-vendored copy - creating alias to 'setuptools._vendor.jaraco.context'!
11624 INFO: Processing pre-safe-import-module hook 'hook-backports.tarfile.py' from 'c:\\Users\\parke\\OneDrive\\Desktop\\Haven_Mdev\\.venv\\Lib\\site-packages\\PyInstaller\\hooks\\pre_safe_import_module'
11625 INFO: Setuptools: 'backports.tarfile' appears to be a setuptools-vendored copy - creating alias to 'setuptools._vendor.backports.tarfile'!
11729 INFO: Processing standard module hook 'hook-backports.py' from 'c:\\Users\\parke\\OneDrive\\Desktop\\Haven_Mdev\\.venv\\Lib\\site-packages\\_pyinstaller_hooks_contrib\\stdhooks'
11816 INFO: Processing pre-safe-import-module hook 'hook-importlib_metadata.py' from 'c:\\Users\\parke\\OneDrive\\Desktop\\Haven_Mdev\\.venv\\Lib\\site-packages\\PyInstaller\\hooks\\pre_safe_import_module'
11816 INFO: Setuptools: 'importlib_metadata' appears to be a setuptools-vendored copy - creating alias to 'setuptools._vendor.importlib_metadata'!
11845 INFO: Processing standard module hook 'hook-setuptools._vendor.importlib_metadata.py' from 'c:\\Users\\parke\\OneDrive\\Desktop\\Haven_Mdev\\.venv\\Lib\\site-packages\\PyInstaller\\hooks'
11848 INFO: Processing pre-safe-import-module hook 'hook-zipp.py' from 'c:\\Users\\parke\\OneDrive\\Desktop\\Haven_Mdev\\.venv\\Lib\\site-packages\\PyInstaller\\hooks\\pre_safe_import_module'
11848 INFO: Setuptools: 'zipp' appears to be a setuptools-vendored copy - creating alias to 'setuptools._vendor.zipp'!
12208 INFO: Processing pre-safe-import-module hook 'hook-tomli.py' from 'c:\\Users\\parke\\OneDrive\\Desktop\\Haven_Mdev\\.venv\\Lib\\site-packages\\PyInstaller\\hooks\\pre_safe_import_module'
12209 INFO: Setuptools: 'tomli' appears to be a setuptools-vendored copy - creating alias to 'setuptools._vendor.tomli'!
12813 INFO: Processing pre-safe-import-module hook 'hook-wheel.py' from 'c:\\Users\\parke\\OneDrive\\Desktop\\Haven_Mdev\\.venv\\Lib\\site-packages\\PyInstaller\\hooks\\pre_safe_import_module'
12814 INFO: Setuptools: 'wheel' appears to be a setuptools-vendored copy - creating alias to 'setuptools._vendor.wheel'!
13525 INFO: Processing module hooks (post-graph stage)...
14249 INFO: Processing standard module hook 'hook-multiprocessing.util.py' from 'c:\\Users\\parke\\OneDrive\\Desktop\\Haven_Mdev\\.venv\\Lib\\site-packages\\PyInstaller\\hooks'
14347 INFO: Processing standard module hook 'hook-xml.py' from 'c:\\Users\\parke\\OneDrive\\Desktop\\Haven_Mdev\\.venv\\Lib\\site-packages\\PyInstaller\\hooks'
14744 INFO: Processing standard module hook 'hook-difflib.py' from 'c:\\Users\\parke\\OneDrive\\Desktop\\Haven_Mdev\\.venv\\Lib\\site-packages\\PyInstaller\\hooks'
15687 INFO: Processing standard module hook 'hook-_tkinter.py' from 'c:\\Users\\parke\\OneDrive\\Desktop\\Haven_Mdev\\.venv\\Lib\\site-packages\\PyInstaller\\hooks'
15700 INFO: Performing binary vs. data reclassification (944 entries)
15828 INFO: Looking for ctypes DLLs
15850 WARNING: Ignoring AppKit.framework/AppKit imported from c:\Users\parke\OneDrive\Desktop\Haven_Mdev\.venv\Lib\site-packages\darkdetect\_mac_detect.py - only basenames are supported with ctypes imports!
15871 INFO: Analyzing run-time hooks ...
15873 INFO: Including run-time hook 'pyi_rth_inspect.py' from 'c:\\Users\\parke\\OneDrive\\Desktop\\Haven_Mdev\\.venv\\Lib\\site-packages\\PyInstaller\\hooks\\rthooks'
15877 INFO: Including run-time hook 'pyi_rth__tkinter.py' from 'c:\\Users\\parke\\OneDrive\\Desktop\\Haven_Mdev\\.venv\\Lib\\site-packages\\PyInstaller\\hooks\\rthooks'
15878 INFO: Including run-time hook 'pyi_rth_setuptools.py' from 'c:\\Users\\parke\\OneDrive\\Desktop\\Haven_Mdev\\.venv\\Lib\\site-packages\\PyInstaller\\hooks\\rthooks'
15880 INFO: Including run-time hook 'pyi_rth_pkgutil.py' from 'c:\\Users\\parke\\OneDrive\\Desktop\\Haven_Mdev\\.venv\\Lib\\site-packages\\PyInstaller\\hooks\\rthooks'
15882 INFO: Including run-time hook 'pyi_rth_multiprocessing.py' from 'c:\\Users\\parke\\OneDrive\\Desktop\\Haven_Mdev\\.venv\\Lib\\site-packages\\PyInstaller\\hooks\\rthooks'
15910 INFO: Creating base_library.zip...
15933 INFO: Looking for dynamic libraries
16453 INFO: Extra DLL search directories (AddDllDirectory): []
16453 INFO: Extra DLL search directories (PATH): []
16738 INFO: Warnings written to C:\Users\parke\OneDrive\Desktop\Haven_Mdev\build\HavenControlRoom\warn-HavenControlRoom.txt
16781 INFO: Graph cross-reference written to C:\Users\parke\OneDrive\Desktop\Haven_Mdev\build\HavenControlRoom\xref-HavenControlRoom.html
16826 INFO: checking PYZ
16826 INFO: Building PYZ because PYZ-00.toc is non existent
16826 INFO: Building PYZ (ZlibArchive) C:\Users\parke\OneDrive\Desktop\Haven_Mdev\build\HavenControlRoom\PYZ-00.pyz
17251 INFO: Building PYZ (ZlibArchive) C:\Users\parke\OneDrive\Desktop\Haven_Mdev\build\HavenControlRoom\PYZ-00.pyz completed successfully.
17278 INFO: checking PKG
17278 INFO: Building PKG because PKG-00.toc is non existent
17278 INFO: Building PKG (CArchive) HavenControlRoom.pkg
19895 INFO: Building PKG (CArchive) HavenControlRoom.pkg completed successfully.
19915 INFO: Bootloader c:\Users\parke\OneDrive\Desktop\Haven_Mdev\.venv\Lib\site-packages\PyInstaller\bootloader\Windows-64bit-intel\runw.exe
19916 INFO: checking EXE
19916 INFO: Building EXE because EXE-00.toc is non existent
19916 INFO: Building EXE from EXE-00.toc
19916 INFO: Copying bootloader EXE to C:\Users\parke\OneDrive\Desktop\Haven_Mdev\dist\HavenControlRoom.exe
19926 INFO: Copying icon to EXE
19932 INFO: Copying 0 resources to EXE
19932 INFO: Embedding manifest in EXE
19939 INFO: Appending PKG archive to EXE
20094 INFO: Fixing EXE headers
21841 INFO: Building EXE from EXE-00.toc completed successfully.
21861 INFO: Build complete! The results are available in: C:\Users\parke\OneDrive\Desktop\Haven_Mdev\dist
