[2025-11-02 15:31:05,735] INFO: Opened: C:\Users\parke\OneDrive\Desktop\Haven_Mdev\docs
[2025-11-02 15:31:23,299] INFO: Building Control Room EXE…
[2025-11-02 15:31:45,428] INFO: Build complete: C:\Users\parke\OneDrive\Desktop\Haven_Mdev\dist\HavenControlRoom.exe
[2025-11-02 15:32:12,886] INFO: Opened: C:\Users\parke\OneDrive\Desktop\Haven_Mdev\logs
[2025-11-02 15:32:23,615] INFO: Opened: C:\Users\parke\OneDrive\Desktop\Haven_Mdev\data
[2025-11-02 15:32:30,327] INFO: Opened: VH-Map.html
[2025-11-02 15:32:36,840] INFO: Generating map…
[2025-11-02 15:32:37,497] INFO: Map generation complete.
[2025-11-02 16:56:46,953] INFO: Opened: VH-Map.html
[2025-11-02 16:57:09,587] INFO: Launching System Entry GUI…
[2025-11-02 16:57:09,593] INFO: System Entry launched.
[2025-11-02 17:53:04,101] INFO: Opened: C:\Users\parke\OneDrive\Desktop\Haven_Mdev\data
[2025-11-02 17:53:10,108] INFO: Opened: C:\Users\parke\OneDrive\Desktop\Haven_Mdev\logs
[2025-11-02 17:53:15,195] INFO: Opened: C:\Users\parke\OneDrive\Desktop\Haven_Mdev\data
[2025-11-02 17:53:18,838] INFO: Opened: C:\Users\parke\OneDrive\Desktop\Haven_Mdev\docs
[2025-11-02 17:53:26,184] INFO: Opened: VH-Map.html
[2025-11-02 17:53:41,614] INFO: Launching System Entry GUI…
[2025-11-02 17:53:41,621] INFO: System Entry launched.
[2025-11-02 17:55:33,337] INFO: Exporting Windows EXE to: C:\Users\parke\OneDrive\Desktop\exe-test
[2025-11-02 17:55:33,946] INFO: Windows export failed (exit 1). See export-windows-2025-11-02_175533.log
[2025-11-02 18:00:26,539] INFO: Exporting Windows EXE to: C:\Users\parke\OneDrive\Desktop\exe-test
[2025-11-02 18:00:27,070] INFO: Windows export failed (exit 1). See export-windows-2025-11-02_180026.log
[2025-11-02 18:03:27,506] INFO: Exporting Windows EXE to: C:\Users\parke\OneDrive\Desktop\exe-test
[2025-11-02 18:04:14,094] INFO: Windows export complete: C:\Users\parke\OneDrive\Desktop\exe-test\HavenControlRoom.exe
[2025-11-02 18:09:00,603] INFO: Exporting Windows EXE to: C:\Users\parke\OneDrive\Desktop\exe-test
[2025-11-02 18:09:47,165] INFO: Windows export complete: C:\Users\parke\OneDrive\Desktop\exe-test\HavenControlRoom.exe
[2025-11-02 18:42:58,434] INFO: Generating iOS PWA to: C:\Users\parke\OneDrive\Desktop\IOS-test
[2025-11-02 18:42:58,446] INFO: Generated iOS PWA: C:\Users\parke\OneDrive\Desktop\IOS-test\Haven_Galaxy_iOS.html
[2025-11-02 18:42:58,569] INFO: ✅ iOS PWA bundle created: Haven_iOS_PWA_2025-11-02_184258.zip
[2025-11-02 18:42:58,582] INFO: 📱 Send the HTML file to iOS users - they can install via Safari!
[2025-11-02 19:00:48,609] INFO: Generating iOS PWA to: C:\Users\parke\OneDrive\Desktop\IOS-test
[2025-11-02 19:00:48,621] INFO: Generated iOS PWA: C:\Users\parke\OneDrive\Desktop\IOS-test\Haven_Galaxy_iOS.html
[2025-11-02 19:00:48,741] INFO: ✅ iOS PWA bundle created: Haven_iOS_PWA_2025-11-02_190048.zip
[2025-11-02 19:00:48,757] INFO: 📱 Send the HTML file to iOS users - they can install via Safari!
[2025-11-02 19:16:38,446] INFO: Generating iOS PWA to: C:\Users\parke\OneDrive\Desktop\IOS-test
[2025-11-02 19:16:38,458] INFO: Generated iOS PWA: C:\Users\parke\OneDrive\Desktop\IOS-test\Haven_Galaxy_iOS.html
[2025-11-02 19:16:38,595] INFO: ✅ iOS PWA bundle created: Haven_iOS_PWA_2025-11-02_191638.zip
[2025-11-02 19:16:38,611] INFO: 📱 Send the HTML file to iOS users - they can install via Safari!
[2025-11-02 19:26:49,793] INFO: Generating iOS PWA to: C:\Users\parke\OneDrive\Desktop\IOS-test
[2025-11-02 19:26:49,805] INFO: Generated iOS PWA: C:\Users\parke\OneDrive\Desktop\IOS-test\Haven_Galaxy_iOS.html
[2025-11-02 19:26:49,932] INFO: ✅ iOS PWA bundle created: Haven_iOS_PWA_2025-11-02_192649.zip
[2025-11-02 19:26:49,948] INFO: 📱 Send the HTML file to iOS users - they can install via Safari!
[2025-11-02 19:59:34,598] INFO: Generating iOS PWA (Offline) to: C:\Users\parke\OneDrive\Desktop\IOS-test
[2025-11-02 19:59:34,614] INFO: Generated iOS PWA: C:\Users\parke\OneDrive\Desktop\IOS-test\Haven_Galaxy_iOS_offline.html
[2025-11-02 19:59:35,334] INFO: ✅ iOS PWA bundle created: Haven_iOS_PWA_Offline_2025-11-02_195934.zip
[2025-11-02 19:59:35,349] INFO: 📱 Send the HTML file to iOS users - they can install via Safari!
[2025-11-02 20:15:38,172] INFO: Opened: C:\Users\parke\OneDrive\Desktop\Haven_Mdev\docs
[2025-11-02 20:15:46,290] INFO: Opened: C:\Users\parke\OneDrive\Desktop\Haven_Mdev\logs
[2025-11-02 20:15:51,639] INFO: Opened: C:\Users\parke\OneDrive\Desktop\Haven_Mdev\data
[2025-11-02 20:16:06,886] INFO: Launching System Entry GUI…
[2025-11-02 20:16:06,895] INFO: System Entry launched.
[2025-11-02 20:18:52,272] INFO: Opened: VH-Map.html
[2025-11-02 20:19:27,531] INFO: Generating map…
[2025-11-02 20:19:28,245] INFO: Map generation complete.
[2025-11-02 20:19:29,147] INFO: Opened: VH-Map.html
[2025-11-02 20:30:20,172] INFO: Opened: C:\Users\parke\OneDrive\Desktop\Haven_Mdev\data
[2025-11-02 20:30:33,520] INFO: Launching System Entry GUI…
[2025-11-02 20:30:33,572] INFO: System Entry launched.
[2025-11-02 20:37:21,290] INFO: Opened: C:\Users\parke\OneDrive\Desktop\Haven_Mdev\data
[2025-11-02 20:37:24,779] INFO: Opened: C:\Users\parke\OneDrive\Desktop\Haven_Mdev\logs
[2025-11-02 20:37:28,616] INFO: Opened: C:\Users\parke\OneDrive\Desktop\Haven_Mdev\docs
[2025-11-02 20:37:35,985] INFO: Launching System Entry GUI…
[2025-11-02 20:37:35,990] INFO: System Entry launched.
[2025-11-02 20:37:40,614] INFO: Generating map…
[2025-11-02 20:37:43,227] INFO: Map generation complete.
[2025-11-02 20:37:46,011] INFO: Opened: VH-Map.html
[2025-11-02 20:55:11,904] INFO: Launching System Entry GUI…
[2025-11-02 20:55:11,909] INFO: System Entry launched.
[2025-11-02 20:57:23,163] INFO: Generating map…
[2025-11-02 20:57:23,902] INFO: Map generation complete.
[2025-11-02 20:57:40,955] INFO: Generating map…
[2025-11-02 20:57:41,668] INFO: Map generation complete.
[2025-11-02 20:57:42,763] INFO: Opened: VH-Map.html
[2025-11-02 21:23:21,302] INFO: Launching System Entry GUI…
[2025-11-02 21:23:21,310] INFO: System Entry launched.
[2025-11-02 21:57:51,320] INFO: Launching System Entry GUI…
[2025-11-02 21:57:51,327] INFO: System Entry launched.
[2025-11-02 22:43:50,293] INFO: Launching System Entry GUI…
[2025-11-02 22:43:50,301] INFO: System Entry launched.
[2025-11-02 23:11:46,362] INFO: Launching System Entry Wizard…
[2025-11-02 23:11:46,370] INFO: System Entry Wizard launched.
[2025-11-02 23:14:31,396] INFO: Generating map…
[2025-11-02 23:14:33,737] INFO: Map generation complete.
[2025-11-02 23:14:36,852] INFO: Opened: VH-Map.html
[2025-11-02 23:50:03,615] INFO: Generating map…
[2025-11-02 23:50:04,297] INFO: Map generation complete.
[2025-11-02 23:50:08,601] INFO: Launching System Entry Wizard…
[2025-11-02 23:50:08,608] INFO: System Entry Wizard launched.
[2025-11-02 23:54:34,818] INFO: Generating map…
[2025-11-02 23:54:35,509] INFO: Map generation complete.
[2025-11-02 23:54:37,840] INFO: Opened: VH-Map.html
[2025-11-02 23:54:54,254] INFO: Generating map…
[2025-11-02 23:54:54,922] INFO: Map generation complete.
[2025-11-02 23:54:59,367] INFO: Opened: VH-Map.html
