236 INFO: PyInstaller: 6.16.0, contrib hooks: 2025.9
237 INFO: Python: 3.13.9
263 INFO: Platform: Windows-11-10.0.26100-SP0
263 INFO: Python environment: C:\Users\parke\OneDrive\Desktop\Haven_Mdev\.venv
264 INFO: wrote C:\Users\parke\OneDrive\Desktop\Haven_Mdev\config\pyinstaller\HavenControlRoom.spec
266 INFO: Removing temporary files and cleaning cache in C:\Users\parke\AppData\Local\pyinstaller
269 INFO: Module search paths (PYTHONPATH):
['C:\\Users\\parke\\OneDrive\\Desktop\\Haven_Mdev',
 'C:\\Users\\parke\\AppData\\Local\\Programs\\Python\\Python313\\python313.zip',
 'C:\\Users\\parke\\AppData\\Local\\Programs\\Python\\Python313\\DLLs',
 'C:\\Users\\parke\\AppData\\Local\\Programs\\Python\\Python313\\Lib',
 'C:\\Users\\parke\\AppData\\Local\\Programs\\Python\\Python313',
 'C:\\Users\\parke\\OneDrive\\Desktop\\Haven_Mdev\\.venv',
 'C:\\Users\\parke\\OneDrive\\Desktop\\Haven_Mdev\\.venv\\Lib\\site-packages',
 'C:\\Users\\parke\\OneDrive\\Desktop\\Haven_Mdev\\.venv\\Lib\\site-packages\\setuptools\\_vendor',
 'C:\\Users\\parke\\OneDrive\\Desktop\\Haven_Mdev\\src']
746 INFO: checking Analysis
746 INFO: Building Analysis because Analysis-00.toc is non existent
746 INFO: Looking for Python shared library...
746 INFO: Using Python shared library: C:\Users\parke\AppData\Local\Programs\Python\Python313\python313.dll
746 INFO: Running Analysis Analysis-00.toc
746 INFO: Target bytecode optimization level: 0
746 INFO: Initializing module dependency graph...
748 INFO: Initializing module graph hook caches...
766 INFO: Analyzing modules for base_library.zip ...
2429 INFO: Processing standard module hook 'hook-encodings.py' from 'C:\\Users\\parke\\OneDrive\\Desktop\\Haven_Mdev\\.venv\\Lib\\site-packages\\PyInstaller\\hooks'
3292 INFO: Processing standard module hook 'hook-heapq.py' from 'C:\\Users\\parke\\OneDrive\\Desktop\\Haven_Mdev\\.venv\\Lib\\site-packages\\PyInstaller\\hooks'
4623 INFO: Processing standard module hook 'hook-pickle.py' from 'C:\\Users\\parke\\OneDrive\\Desktop\\Haven_Mdev\\.venv\\Lib\\site-packages\\PyInstaller\\hooks'
6177 INFO: Caching module dependency graph...
6218 INFO: Analyzing C:\Users\parke\OneDrive\Desktop\Haven_Mdev\src\control_room.py
6440 INFO: Processing standard module hook 'hook-customtkinter.py' from 'C:\\Users\\parke\\OneDrive\\Desktop\\Haven_Mdev\\.venv\\Lib\\site-packages\\_pyinstaller_hooks_contrib\\stdhooks'
6557 INFO: Processing pre-find-module-path hook 'hook-tkinter.py' from 'C:\\Users\\parke\\OneDrive\\Desktop\\Haven_Mdev\\.venv\\Lib\\site-packages\\PyInstaller\\hooks\\pre_find_module_path'
6558 INFO: TclTkInfo: initializing cached Tcl/Tk info...
6878 INFO: Processing standard module hook 'hook-_tkinter.py' from 'C:\\Users\\parke\\OneDrive\\Desktop\\Haven_Mdev\\.venv\\Lib\\site-packages\\PyInstaller\\hooks'
6983 INFO: Processing standard module hook 'hook-platform.py' from 'C:\\Users\\parke\\OneDrive\\Desktop\\Haven_Mdev\\.venv\\Lib\\site-packages\\PyInstaller\\hooks'
7009 INFO: Processing standard module hook 'hook-_ctypes.py' from 'C:\\Users\\parke\\OneDrive\\Desktop\\Haven_Mdev\\.venv\\Lib\\site-packages\\PyInstaller\\hooks'
7052 INFO: Processing pre-safe-import-module hook 'hook-packaging.py' from 'C:\\Users\\parke\\OneDrive\\Desktop\\Haven_Mdev\\.venv\\Lib\\site-packages\\PyInstaller\\hooks\\pre_safe_import_module'
7053 INFO: SetuptoolsInfo: initializing cached setuptools info...
11347 INFO: Processing pre-safe-import-module hook 'hook-typing_extensions.py' from 'C:\\Users\\parke\\OneDrive\\Desktop\\Haven_Mdev\\.venv\\Lib\\site-packages\\PyInstaller\\hooks\\pre_safe_import_module'
11348 INFO: Setuptools: 'typing_extensions' appears to be a setuptools-vendored copy - creating alias to 'setuptools._vendor.typing_extensions'!
11355 INFO: Processing standard module hook 'hook-setuptools.py' from 'C:\\Users\\parke\\OneDrive\\Desktop\\Haven_Mdev\\.venv\\Lib\\site-packages\\PyInstaller\\hooks'
11372 INFO: Processing pre-safe-import-module hook 'hook-distutils.py' from 'C:\\Users\\parke\\OneDrive\\Desktop\\Haven_Mdev\\.venv\\Lib\\site-packages\\PyInstaller\\hooks\\pre_safe_import_module'
11425 INFO: Processing standard module hook 'hook-sysconfig.py' from 'C:\\Users\\parke\\OneDrive\\Desktop\\Haven_Mdev\\.venv\\Lib\\site-packages\\PyInstaller\\hooks'
11435 INFO: Processing pre-safe-import-module hook 'hook-jaraco.functools.py' from 'C:\\Users\\parke\\OneDrive\\Desktop\\Haven_Mdev\\.venv\\Lib\\site-packages\\PyInstaller\\hooks\\pre_safe_import_module'
11436 INFO: Setuptools: 'jaraco.functools' appears to be a setuptools-vendored copy - creating alias to 'setuptools._vendor.jaraco.functools'!
11448 INFO: Processing pre-safe-import-module hook 'hook-more_itertools.py' from 'C:\\Users\\parke\\OneDrive\\Desktop\\Haven_Mdev\\.venv\\Lib\\site-packages\\PyInstaller\\hooks\\pre_safe_import_module'
11448 INFO: Setuptools: 'more_itertools' appears to be a setuptools-vendored copy - creating alias to 'setuptools._vendor.more_itertools'!
11827 INFO: Processing pre-safe-import-module hook 'hook-jaraco.text.py' from 'C:\\Users\\parke\\OneDrive\\Desktop\\Haven_Mdev\\.venv\\Lib\\site-packages\\PyInstaller\\hooks\\pre_safe_import_module'
11827 INFO: Setuptools: 'jaraco.text' appears to be a setuptools-vendored copy - creating alias to 'setuptools._vendor.jaraco.text'!
11840 INFO: Processing standard module hook 'hook-setuptools._vendor.jaraco.text.py' from 'C:\\Users\\parke\\OneDrive\\Desktop\\Haven_Mdev\\.venv\\Lib\\site-packages\\PyInstaller\\hooks'
11842 INFO: Processing pre-safe-import-module hook 'hook-importlib_resources.py' from 'C:\\Users\\parke\\OneDrive\\Desktop\\Haven_Mdev\\.venv\\Lib\\site-packages\\PyInstaller\\hooks\\pre_safe_import_module'
11844 INFO: Processing pre-safe-import-module hook 'hook-jaraco.context.py' from 'C:\\Users\\parke\\OneDrive\\Desktop\\Haven_Mdev\\.venv\\Lib\\site-packages\\PyInstaller\\hooks\\pre_safe_import_module'
11845 INFO: Setuptools: 'jaraco.context' appears to be a setuptools-vendored copy - creating alias to 'setuptools._vendor.jaraco.context'!
12097 INFO: Processing pre-safe-import-module hook 'hook-backports.tarfile.py' from 'C:\\Users\\parke\\OneDrive\\Desktop\\Haven_Mdev\\.venv\\Lib\\site-packages\\PyInstaller\\hooks\\pre_safe_import_module'
12098 INFO: Setuptools: 'backports.tarfile' appears to be a setuptools-vendored copy - creating alias to 'setuptools._vendor.backports.tarfile'!
12204 INFO: Processing standard module hook 'hook-backports.py' from 'C:\\Users\\parke\\OneDrive\\Desktop\\Haven_Mdev\\.venv\\Lib\\site-packages\\_pyinstaller_hooks_contrib\\stdhooks'
12295 INFO: Processing pre-safe-import-module hook 'hook-importlib_metadata.py' from 'C:\\Users\\parke\\OneDrive\\Desktop\\Haven_Mdev\\.venv\\Lib\\site-packages\\PyInstaller\\hooks\\pre_safe_import_module'
12295 INFO: Setuptools: 'importlib_metadata' appears to be a setuptools-vendored copy - creating alias to 'setuptools._vendor.importlib_metadata'!
12324 INFO: Processing standard module hook 'hook-setuptools._vendor.importlib_metadata.py' from 'C:\\Users\\parke\\OneDrive\\Desktop\\Haven_Mdev\\.venv\\Lib\\site-packages\\PyInstaller\\hooks'
12327 INFO: Processing pre-safe-import-module hook 'hook-zipp.py' from 'C:\\Users\\parke\\OneDrive\\Desktop\\Haven_Mdev\\.venv\\Lib\\site-packages\\PyInstaller\\hooks\\pre_safe_import_module'
12327 INFO: Setuptools: 'zipp' appears to be a setuptools-vendored copy - creating alias to 'setuptools._vendor.zipp'!
12705 INFO: Processing pre-safe-import-module hook 'hook-tomli.py' from 'C:\\Users\\parke\\OneDrive\\Desktop\\Haven_Mdev\\.venv\\Lib\\site-packages\\PyInstaller\\hooks\\pre_safe_import_module'
12706 INFO: Setuptools: 'tomli' appears to be a setuptools-vendored copy - creating alias to 'setuptools._vendor.tomli'!
13324 INFO: Processing pre-safe-import-module hook 'hook-wheel.py' from 'C:\\Users\\parke\\OneDrive\\Desktop\\Haven_Mdev\\.venv\\Lib\\site-packages\\PyInstaller\\hooks\\pre_safe_import_module'
13325 INFO: Setuptools: 'wheel' appears to be a setuptools-vendored copy - creating alias to 'setuptools._vendor.wheel'!
14132 INFO: Analyzing hidden import 'system_entry_modern'
14177 INFO: Analyzing hidden import 'Beta_VH_Map'
14222 INFO: Processing standard module hook 'hook-pandas.py' from 'C:\\Users\\parke\\OneDrive\\Desktop\\Haven_Mdev\\.venv\\Lib\\site-packages\\PyInstaller\\hooks'
15768 INFO: Processing standard module hook 'hook-numpy.py' from 'C:\\Users\\parke\\OneDrive\\Desktop\\Haven_Mdev\\.venv\\Lib\\site-packages\\PyInstaller\\hooks'
16432 INFO: Processing standard module hook 'hook-difflib.py' from 'C:\\Users\\parke\\OneDrive\\Desktop\\Haven_Mdev\\.venv\\Lib\\site-packages\\PyInstaller\\hooks'
16659 INFO: Processing standard module hook 'hook-multiprocessing.util.py' from 'C:\\Users\\parke\\OneDrive\\Desktop\\Haven_Mdev\\.venv\\Lib\\site-packages\\PyInstaller\\hooks'
16758 INFO: Processing standard module hook 'hook-xml.py' from 'C:\\Users\\parke\\OneDrive\\Desktop\\Haven_Mdev\\.venv\\Lib\\site-packages\\PyInstaller\\hooks'
19975 INFO: Processing standard module hook 'hook-pytz.py' from 'C:\\Users\\parke\\OneDrive\\Desktop\\Haven_Mdev\\.venv\\Lib\\site-packages\\PyInstaller\\hooks'
23024 INFO: Processing standard module hook 'hook-pandas.io.formats.style.py' from 'C:\\Users\\parke\\OneDrive\\Desktop\\Haven_Mdev\\.venv\\Lib\\site-packages\\PyInstaller\\hooks'
25479 INFO: Processing standard module hook 'hook-pandas.plotting.py' from 'C:\\Users\\parke\\OneDrive\\Desktop\\Haven_Mdev\\.venv\\Lib\\site-packages\\PyInstaller\\hooks'
26754 INFO: Processing standard module hook 'hook-sqlite3.py' from 'C:\\Users\\parke\\OneDrive\\Desktop\\Haven_Mdev\\.venv\\Lib\\site-packages\\PyInstaller\\hooks'
27213 INFO: Processing standard module hook 'hook-pandas.io.clipboard.py' from 'C:\\Users\\parke\\OneDrive\\Desktop\\Haven_Mdev\\.venv\\Lib\\site-packages\\PyInstaller\\hooks'
27562 INFO: Processing standard module hook 'hook-dateutil.py' from 'C:\\Users\\parke\\OneDrive\\Desktop\\Haven_Mdev\\.venv\\Lib\\site-packages\\_pyinstaller_hooks_contrib\\stdhooks'
27826 INFO: Processing pre-safe-import-module hook 'hook-six.moves.py' from 'C:\\Users\\parke\\OneDrive\\Desktop\\Haven_Mdev\\.venv\\Lib\\site-packages\\PyInstaller\\hooks\\pre_safe_import_module'
28245 INFO: Processing standard module hook 'hook-xml.etree.cElementTree.py' from 'C:\\Users\\parke\\OneDrive\\Desktop\\Haven_Mdev\\.venv\\Lib\\site-packages\\PyInstaller\\hooks'
28256 INFO: Processing standard module hook 'hook-xml.dom.domreg.py' from 'C:\\Users\\parke\\OneDrive\\Desktop\\Haven_Mdev\\.venv\\Lib\\site-packages\\PyInstaller\\hooks'
28923 INFO: Processing module hooks (post-graph stage)...
28939 WARNING: Hidden import "jinja2" not found!
29391 INFO: Processing standard module hook 'hook-_tkinter.py' from 'C:\\Users\\parke\\OneDrive\\Desktop\\Haven_Mdev\\.venv\\Lib\\site-packages\\PyInstaller\\hooks'
29411 INFO: Performing binary vs. data reclassification (1558 entries)
29641 INFO: Looking for ctypes DLLs
29661 WARNING: Ignoring AppKit.framework/AppKit imported from C:\Users\parke\OneDrive\Desktop\Haven_Mdev\.venv\Lib\site-packages\darkdetect\_mac_detect.py - only basenames are supported with ctypes imports!
29712 INFO: Analyzing run-time hooks ...
29717 INFO: Including run-time hook 'pyi_rth_setuptools.py' from 'C:\\Users\\parke\\OneDrive\\Desktop\\Haven_Mdev\\.venv\\Lib\\site-packages\\PyInstaller\\hooks\\rthooks'
29719 INFO: Including run-time hook 'pyi_rth_pkgutil.py' from 'C:\\Users\\parke\\OneDrive\\Desktop\\Haven_Mdev\\.venv\\Lib\\site-packages\\PyInstaller\\hooks\\rthooks'
29722 INFO: Including run-time hook 'pyi_rth_multiprocessing.py' from 'C:\\Users\\parke\\OneDrive\\Desktop\\Haven_Mdev\\.venv\\Lib\\site-packages\\PyInstaller\\hooks\\rthooks'
29724 INFO: Including run-time hook 'pyi_rth_inspect.py' from 'C:\\Users\\parke\\OneDrive\\Desktop\\Haven_Mdev\\.venv\\Lib\\site-packages\\PyInstaller\\hooks\\rthooks'
29727 INFO: Including run-time hook 'pyi_rth__tkinter.py' from 'C:\\Users\\parke\\OneDrive\\Desktop\\Haven_Mdev\\.venv\\Lib\\site-packages\\PyInstaller\\hooks\\rthooks'
29783 INFO: Creating base_library.zip...
29806 INFO: Looking for dynamic libraries
30911 INFO: Extra DLL search directories (AddDllDirectory): ['C:\\Users\\parke\\OneDrive\\Desktop\\Haven_Mdev\\.venv\\Lib\\site-packages\\pandas.libs', 'C:\\Users\\parke\\OneDrive\\Desktop\\Haven_Mdev\\.venv\\Lib\\site-packages\\numpy.libs']
30911 INFO: Extra DLL search directories (PATH): []
31752 INFO: Warnings written to C:\Users\parke\AppData\Local\Temp\haven_build_win\HavenControlRoom\warn-HavenControlRoom.txt
31856 INFO: Graph cross-reference written to C:\Users\parke\AppData\Local\Temp\haven_build_win\HavenControlRoom\xref-HavenControlRoom.html
31926 INFO: checking PYZ
31926 INFO: Building PYZ because PYZ-00.toc is non existent
31926 INFO: Building PYZ (ZlibArchive) C:\Users\parke\AppData\Local\Temp\haven_build_win\HavenControlRoom\PYZ-00.pyz
32870 INFO: Building PYZ (ZlibArchive) C:\Users\parke\AppData\Local\Temp\haven_build_win\HavenControlRoom\PYZ-00.pyz completed successfully.
32919 INFO: checking PKG
32920 INFO: Building PKG because PKG-00.toc is non existent
32920 INFO: Building PKG (CArchive) HavenControlRoom.pkg
40667 INFO: Building PKG (CArchive) HavenControlRoom.pkg completed successfully.
40705 INFO: Bootloader C:\Users\parke\OneDrive\Desktop\Haven_Mdev\.venv\Lib\site-packages\PyInstaller\bootloader\Windows-64bit-intel\runw.exe
40705 INFO: checking EXE
40706 INFO: Building EXE because EXE-00.toc is non existent
40706 INFO: Building EXE from EXE-00.toc
40706 INFO: Copying bootloader EXE to C:\Users\parke\OneDrive\Desktop\exe-test\HavenControlRoom.exe
40715 INFO: Copying icon to EXE
40722 INFO: Copying 0 resources to EXE
40722 INFO: Embedding manifest in EXE
40728 INFO: Appending PKG archive to EXE
40929 INFO: Fixing EXE headers
43051 INFO: Building EXE from EXE-00.toc completed successfully.
43086 INFO: Build complete! The results are available in: C:\Users\parke\OneDrive\Desktop\exe-test
