241 INFO: PyInstaller: 6.16.0, contrib hooks: 2025.9
242 INFO: Python: 3.13.9
270 INFO: Platform: Windows-11-10.0.26100-SP0
270 INFO: Python environment: C:\Users\parke\OneDrive\Desktop\Haven_Mdev\.venv
271 INFO: wrote C:\Users\parke\OneDrive\Desktop\Haven_Mdev\config\pyinstaller\HavenControlRoom.spec
273 INFO: Removing temporary files and cleaning cache in C:\Users\parke\AppData\Local\pyinstaller
283 INFO: Module search paths (PYTHONPATH):
['C:\\Users\\parke\\OneDrive\\Desktop\\Haven_Mdev',
 'C:\\Users\\parke\\AppData\\Local\\Programs\\Python\\Python313\\python313.zip',
 'C:\\Users\\parke\\AppData\\Local\\Programs\\Python\\Python313\\DLLs',
 'C:\\Users\\parke\\AppData\\Local\\Programs\\Python\\Python313\\Lib',
 'C:\\Users\\parke\\AppData\\Local\\Programs\\Python\\Python313',
 'C:\\Users\\parke\\OneDrive\\Desktop\\Haven_Mdev\\.venv',
 'C:\\Users\\parke\\OneDrive\\Desktop\\Haven_Mdev\\.venv\\Lib\\site-packages',
 'C:\\Users\\parke\\OneDrive\\Desktop\\Haven_Mdev\\.venv\\Lib\\site-packages\\setuptools\\_vendor',
 'C:\\Users\\parke\\OneDrive\\Desktop\\Haven_Mdev\\src']
778 INFO: checking Analysis
779 INFO: Building Analysis because Analysis-00.toc is non existent
779 INFO: Looking for Python shared library...
779 INFO: Using Python shared library: C:\Users\parke\AppData\Local\Programs\Python\Python313\python313.dll
779 INFO: Running Analysis Analysis-00.toc
779 INFO: Target bytecode optimization level: 0
779 INFO: Initializing module dependency graph...
781 INFO: Initializing module graph hook caches...
801 INFO: Analyzing modules for base_library.zip ...
1982 INFO: Processing standard module hook 'hook-encodings.py' from 'C:\\Users\\parke\\OneDrive\\Desktop\\Haven_Mdev\\.venv\\Lib\\site-packages\\PyInstaller\\hooks'
2952 INFO: Processing standard module hook 'hook-heapq.py' from 'C:\\Users\\parke\\OneDrive\\Desktop\\Haven_Mdev\\.venv\\Lib\\site-packages\\PyInstaller\\hooks'
4599 INFO: Processing standard module hook 'hook-pickle.py' from 'C:\\Users\\parke\\OneDrive\\Desktop\\Haven_Mdev\\.venv\\Lib\\site-packages\\PyInstaller\\hooks'
6244 INFO: Caching module dependency graph...
6285 INFO: Analyzing C:\Users\parke\OneDrive\Desktop\Haven_Mdev\src\control_room.py
6497 INFO: Processing standard module hook 'hook-customtkinter.py' from 'C:\\Users\\parke\\OneDrive\\Desktop\\Haven_Mdev\\.venv\\Lib\\site-packages\\_pyinstaller_hooks_contrib\\stdhooks'
6615 INFO: Processing pre-find-module-path hook 'hook-tkinter.py' from 'C:\\Users\\parke\\OneDrive\\Desktop\\Haven_Mdev\\.venv\\Lib\\site-packages\\PyInstaller\\hooks\\pre_find_module_path'
6615 INFO: TclTkInfo: initializing cached Tcl/Tk info...
6945 INFO: Processing standard module hook 'hook-_tkinter.py' from 'C:\\Users\\parke\\OneDrive\\Desktop\\Haven_Mdev\\.venv\\Lib\\site-packages\\PyInstaller\\hooks'
7040 INFO: Processing standard module hook 'hook-platform.py' from 'C:\\Users\\parke\\OneDrive\\Desktop\\Haven_Mdev\\.venv\\Lib\\site-packages\\PyInstaller\\hooks'
7064 INFO: Processing standard module hook 'hook-_ctypes.py' from 'C:\\Users\\parke\\OneDrive\\Desktop\\Haven_Mdev\\.venv\\Lib\\site-packages\\PyInstaller\\hooks'
7105 INFO: Processing pre-safe-import-module hook 'hook-packaging.py' from 'C:\\Users\\parke\\OneDrive\\Desktop\\Haven_Mdev\\.venv\\Lib\\site-packages\\PyInstaller\\hooks\\pre_safe_import_module'
7107 INFO: SetuptoolsInfo: initializing cached setuptools info...
11408 INFO: Processing pre-safe-import-module hook 'hook-typing_extensions.py' from 'C:\\Users\\parke\\OneDrive\\Desktop\\Haven_Mdev\\.venv\\Lib\\site-packages\\PyInstaller\\hooks\\pre_safe_import_module'
11408 INFO: Setuptools: 'typing_extensions' appears to be a setuptools-vendored copy - creating alias to 'setuptools._vendor.typing_extensions'!
11415 INFO: Processing standard module hook 'hook-setuptools.py' from 'C:\\Users\\parke\\OneDrive\\Desktop\\Haven_Mdev\\.venv\\Lib\\site-packages\\PyInstaller\\hooks'
11432 INFO: Processing pre-safe-import-module hook 'hook-distutils.py' from 'C:\\Users\\parke\\OneDrive\\Desktop\\Haven_Mdev\\.venv\\Lib\\site-packages\\PyInstaller\\hooks\\pre_safe_import_module'
11488 INFO: Processing standard module hook 'hook-sysconfig.py' from 'C:\\Users\\parke\\OneDrive\\Desktop\\Haven_Mdev\\.venv\\Lib\\site-packages\\PyInstaller\\hooks'
11498 INFO: Processing pre-safe-import-module hook 'hook-jaraco.functools.py' from 'C:\\Users\\parke\\OneDrive\\Desktop\\Haven_Mdev\\.venv\\Lib\\site-packages\\PyInstaller\\hooks\\pre_safe_import_module'
11498 INFO: Setuptools: 'jaraco.functools' appears to be a setuptools-vendored copy - creating alias to 'setuptools._vendor.jaraco.functools'!
11510 INFO: Processing pre-safe-import-module hook 'hook-more_itertools.py' from 'C:\\Users\\parke\\OneDrive\\Desktop\\Haven_Mdev\\.venv\\Lib\\site-packages\\PyInstaller\\hooks\\pre_safe_import_module'
11511 INFO: Setuptools: 'more_itertools' appears to be a setuptools-vendored copy - creating alias to 'setuptools._vendor.more_itertools'!
11898 INFO: Processing pre-safe-import-module hook 'hook-jaraco.text.py' from 'C:\\Users\\parke\\OneDrive\\Desktop\\Haven_Mdev\\.venv\\Lib\\site-packages\\PyInstaller\\hooks\\pre_safe_import_module'
11898 INFO: Setuptools: 'jaraco.text' appears to be a setuptools-vendored copy - creating alias to 'setuptools._vendor.jaraco.text'!
11910 INFO: Processing standard module hook 'hook-setuptools._vendor.jaraco.text.py' from 'C:\\Users\\parke\\OneDrive\\Desktop\\Haven_Mdev\\.venv\\Lib\\site-packages\\PyInstaller\\hooks'
11913 INFO: Processing pre-safe-import-module hook 'hook-importlib_resources.py' from 'C:\\Users\\parke\\OneDrive\\Desktop\\Haven_Mdev\\.venv\\Lib\\site-packages\\PyInstaller\\hooks\\pre_safe_import_module'
11915 INFO: Processing pre-safe-import-module hook 'hook-jaraco.context.py' from 'C:\\Users\\parke\\OneDrive\\Desktop\\Haven_Mdev\\.venv\\Lib\\site-packages\\PyInstaller\\hooks\\pre_safe_import_module'
11915 INFO: Setuptools: 'jaraco.context' appears to be a setuptools-vendored copy - creating alias to 'setuptools._vendor.jaraco.context'!
12161 INFO: Processing pre-safe-import-module hook 'hook-backports.tarfile.py' from 'C:\\Users\\parke\\OneDrive\\Desktop\\Haven_Mdev\\.venv\\Lib\\site-packages\\PyInstaller\\hooks\\pre_safe_import_module'
12162 INFO: Setuptools: 'backports.tarfile' appears to be a setuptools-vendored copy - creating alias to 'setuptools._vendor.backports.tarfile'!
12265 INFO: Processing standard module hook 'hook-backports.py' from 'C:\\Users\\parke\\OneDrive\\Desktop\\Haven_Mdev\\.venv\\Lib\\site-packages\\_pyinstaller_hooks_contrib\\stdhooks'
12356 INFO: Processing pre-safe-import-module hook 'hook-importlib_metadata.py' from 'C:\\Users\\parke\\OneDrive\\Desktop\\Haven_Mdev\\.venv\\Lib\\site-packages\\PyInstaller\\hooks\\pre_safe_import_module'
12356 INFO: Setuptools: 'importlib_metadata' appears to be a setuptools-vendored copy - creating alias to 'setuptools._vendor.importlib_metadata'!
12385 INFO: Processing standard module hook 'hook-setuptools._vendor.importlib_metadata.py' from 'C:\\Users\\parke\\OneDrive\\Desktop\\Haven_Mdev\\.venv\\Lib\\site-packages\\PyInstaller\\hooks'
12388 INFO: Processing pre-safe-import-module hook 'hook-zipp.py' from 'C:\\Users\\parke\\OneDrive\\Desktop\\Haven_Mdev\\.venv\\Lib\\site-packages\\PyInstaller\\hooks\\pre_safe_import_module'
12388 INFO: Setuptools: 'zipp' appears to be a setuptools-vendored copy - creating alias to 'setuptools._vendor.zipp'!
12764 INFO: Processing pre-safe-import-module hook 'hook-tomli.py' from 'C:\\Users\\parke\\OneDrive\\Desktop\\Haven_Mdev\\.venv\\Lib\\site-packages\\PyInstaller\\hooks\\pre_safe_import_module'
12765 INFO: Setuptools: 'tomli' appears to be a setuptools-vendored copy - creating alias to 'setuptools._vendor.tomli'!
13381 INFO: Processing pre-safe-import-module hook 'hook-wheel.py' from 'C:\\Users\\parke\\OneDrive\\Desktop\\Haven_Mdev\\.venv\\Lib\\site-packages\\PyInstaller\\hooks\\pre_safe_import_module'
13381 INFO: Setuptools: 'wheel' appears to be a setuptools-vendored copy - creating alias to 'setuptools._vendor.wheel'!
14172 INFO: Analyzing hidden import 'system_entry_modern'
14215 INFO: Analyzing hidden import 'Beta_VH_Map'
14260 INFO: Processing standard module hook 'hook-pandas.py' from 'C:\\Users\\parke\\OneDrive\\Desktop\\Haven_Mdev\\.venv\\Lib\\site-packages\\PyInstaller\\hooks'
15815 INFO: Processing standard module hook 'hook-numpy.py' from 'C:\\Users\\parke\\OneDrive\\Desktop\\Haven_Mdev\\.venv\\Lib\\site-packages\\PyInstaller\\hooks'
16485 INFO: Processing standard module hook 'hook-difflib.py' from 'C:\\Users\\parke\\OneDrive\\Desktop\\Haven_Mdev\\.venv\\Lib\\site-packages\\PyInstaller\\hooks'
16712 INFO: Processing standard module hook 'hook-multiprocessing.util.py' from 'C:\\Users\\parke\\OneDrive\\Desktop\\Haven_Mdev\\.venv\\Lib\\site-packages\\PyInstaller\\hooks'
16812 INFO: Processing standard module hook 'hook-xml.py' from 'C:\\Users\\parke\\OneDrive\\Desktop\\Haven_Mdev\\.venv\\Lib\\site-packages\\PyInstaller\\hooks'
20003 INFO: Processing standard module hook 'hook-pytz.py' from 'C:\\Users\\parke\\OneDrive\\Desktop\\Haven_Mdev\\.venv\\Lib\\site-packages\\PyInstaller\\hooks'
23063 INFO: Processing standard module hook 'hook-pandas.io.formats.style.py' from 'C:\\Users\\parke\\OneDrive\\Desktop\\Haven_Mdev\\.venv\\Lib\\site-packages\\PyInstaller\\hooks'
25520 INFO: Processing standard module hook 'hook-pandas.plotting.py' from 'C:\\Users\\parke\\OneDrive\\Desktop\\Haven_Mdev\\.venv\\Lib\\site-packages\\PyInstaller\\hooks'
26786 INFO: Processing standard module hook 'hook-sqlite3.py' from 'C:\\Users\\parke\\OneDrive\\Desktop\\Haven_Mdev\\.venv\\Lib\\site-packages\\PyInstaller\\hooks'
27244 INFO: Processing standard module hook 'hook-pandas.io.clipboard.py' from 'C:\\Users\\parke\\OneDrive\\Desktop\\Haven_Mdev\\.venv\\Lib\\site-packages\\PyInstaller\\hooks'
27589 INFO: Processing standard module hook 'hook-dateutil.py' from 'C:\\Users\\parke\\OneDrive\\Desktop\\Haven_Mdev\\.venv\\Lib\\site-packages\\_pyinstaller_hooks_contrib\\stdhooks'
27845 INFO: Processing pre-safe-import-module hook 'hook-six.moves.py' from 'C:\\Users\\parke\\OneDrive\\Desktop\\Haven_Mdev\\.venv\\Lib\\site-packages\\PyInstaller\\hooks\\pre_safe_import_module'
28248 INFO: Processing standard module hook 'hook-xml.etree.cElementTree.py' from 'C:\\Users\\parke\\OneDrive\\Desktop\\Haven_Mdev\\.venv\\Lib\\site-packages\\PyInstaller\\hooks'
28259 INFO: Processing standard module hook 'hook-xml.dom.domreg.py' from 'C:\\Users\\parke\\OneDrive\\Desktop\\Haven_Mdev\\.venv\\Lib\\site-packages\\PyInstaller\\hooks'
28924 INFO: Processing module hooks (post-graph stage)...
28941 WARNING: Hidden import "jinja2" not found!
29409 INFO: Processing standard module hook 'hook-_tkinter.py' from 'C:\\Users\\parke\\OneDrive\\Desktop\\Haven_Mdev\\.venv\\Lib\\site-packages\\PyInstaller\\hooks'
29429 INFO: Performing binary vs. data reclassification (1558 entries)
29652 INFO: Looking for ctypes DLLs
29673 WARNING: Ignoring AppKit.framework/AppKit imported from C:\Users\parke\OneDrive\Desktop\Haven_Mdev\.venv\Lib\site-packages\darkdetect\_mac_detect.py - only basenames are supported with ctypes imports!
29726 INFO: Analyzing run-time hooks ...
29731 INFO: Including run-time hook 'pyi_rth_setuptools.py' from 'C:\\Users\\parke\\OneDrive\\Desktop\\Haven_Mdev\\.venv\\Lib\\site-packages\\PyInstaller\\hooks\\rthooks'
29733 INFO: Including run-time hook 'pyi_rth_pkgutil.py' from 'C:\\Users\\parke\\OneDrive\\Desktop\\Haven_Mdev\\.venv\\Lib\\site-packages\\PyInstaller\\hooks\\rthooks'
29735 INFO: Including run-time hook 'pyi_rth_multiprocessing.py' from 'C:\\Users\\parke\\OneDrive\\Desktop\\Haven_Mdev\\.venv\\Lib\\site-packages\\PyInstaller\\hooks\\rthooks'
29738 INFO: Including run-time hook 'pyi_rth_inspect.py' from 'C:\\Users\\parke\\OneDrive\\Desktop\\Haven_Mdev\\.venv\\Lib\\site-packages\\PyInstaller\\hooks\\rthooks'
29742 INFO: Including run-time hook 'pyi_rth__tkinter.py' from 'C:\\Users\\parke\\OneDrive\\Desktop\\Haven_Mdev\\.venv\\Lib\\site-packages\\PyInstaller\\hooks\\rthooks'
29797 INFO: Creating base_library.zip...
29820 INFO: Looking for dynamic libraries
30924 INFO: Extra DLL search directories (AddDllDirectory): ['C:\\Users\\parke\\OneDrive\\Desktop\\Haven_Mdev\\.venv\\Lib\\site-packages\\pandas.libs', 'C:\\Users\\parke\\OneDrive\\Desktop\\Haven_Mdev\\.venv\\Lib\\site-packages\\numpy.libs']
30924 INFO: Extra DLL search directories (PATH): []
31774 INFO: Warnings written to C:\Users\parke\AppData\Local\Temp\haven_build_win\HavenControlRoom\warn-HavenControlRoom.txt
31878 INFO: Graph cross-reference written to C:\Users\parke\AppData\Local\Temp\haven_build_win\HavenControlRoom\xref-HavenControlRoom.html
31948 INFO: checking PYZ
31949 INFO: Building PYZ because PYZ-00.toc is non existent
31949 INFO: Building PYZ (ZlibArchive) C:\Users\parke\AppData\Local\Temp\haven_build_win\HavenControlRoom\PYZ-00.pyz
32881 INFO: Building PYZ (ZlibArchive) C:\Users\parke\AppData\Local\Temp\haven_build_win\HavenControlRoom\PYZ-00.pyz completed successfully.
32927 INFO: checking PKG
32927 INFO: Building PKG because PKG-00.toc is non existent
32927 INFO: Building PKG (CArchive) HavenControlRoom.pkg
40680 INFO: Building PKG (CArchive) HavenControlRoom.pkg completed successfully.
40713 INFO: Bootloader C:\Users\parke\OneDrive\Desktop\Haven_Mdev\.venv\Lib\site-packages\PyInstaller\bootloader\Windows-64bit-intel\runw.exe
40713 INFO: checking EXE
40714 INFO: Building EXE because EXE-00.toc is non existent
40714 INFO: Building EXE from EXE-00.toc
40714 INFO: Copying bootloader EXE to C:\Users\parke\OneDrive\Desktop\exe-test\HavenControlRoom.exe
40724 INFO: Copying icon to EXE
40731 INFO: Copying 0 resources to EXE
40731 INFO: Embedding manifest in EXE
40739 INFO: Appending PKG archive to EXE
40935 INFO: Fixing EXE headers
43020 INFO: Building EXE from EXE-00.toc completed successfully.
43055 INFO: Build complete! The results are available in: C:\Users\parke\OneDrive\Desktop\exe-test
