247 INFO: PyInstaller: 6.16.0, contrib hooks: 2025.9
248 INFO: Python: 3.13.9
275 INFO: Platform: Windows-11-10.0.26100-SP0
275 INFO: Python environment: C:\Users\parke\OneDrive\Desktop\Haven_Mdev\.venv
276 INFO: wrote C:\Users\parke\OneDrive\Desktop\Haven_Mdev\config\pyinstaller\HavenControlRoom.spec
278 INFO: Removing temporary files and cleaning cache in C:\Users\parke\AppData\Local\pyinstaller
Traceback (most recent call last):
  File "<frozen runpy>", line 198, in _run_module_as_main
  File "<frozen runpy>", line 88, in _run_code
  File "C:\Users\parke\OneDrive\Desktop\Haven_Mdev\.venv\Lib\site-packages\PyInstaller\__main__.py", line 321, in <module>
    run()
    ~~~^^
  File "C:\Users\parke\OneDrive\Desktop\Haven_Mdev\.venv\Lib\site-packages\PyInstaller\__main__.py", line 215, in run
    run_build(pyi_config, spec_file, **vars(args))
    ~~~~~~~~~^^^^^^^^^^^^^^^^^^^^^^^^^^^^^^^^^^^^^
  File "C:\Users\parke\OneDrive\Desktop\Haven_Mdev\.venv\Lib\site-packages\PyInstaller\__main__.py", line 70, in run_build
    PyInstaller.building.build_main.main(pyi_config, spec_file, **kwargs)
    ~~~~~~~~~~~~~~~~~~~~~~~~~~~~~~~~~~~~^^^^^^^^^^^^^^^^^^^^^^^^^^^^^^^^^
  File "C:\Users\parke\OneDrive\Desktop\Haven_Mdev\.venv\Lib\site-packages\PyInstaller\building\build_main.py", line 1272, in main
    build(specfile, distpath, workpath, clean_build)
    ~~~~~^^^^^^^^^^^^^^^^^^^^^^^^^^^^^^^^^^^^^^^^^^^
  File "C:\Users\parke\OneDrive\Desktop\Haven_Mdev\.venv\Lib\site-packages\PyInstaller\building\build_main.py", line 1165, in build
    shutil.rmtree(f)
    ~~~~~~~~~~~~~^^^
  File "C:\Users\parke\AppData\Local\Programs\Python\Python313\Lib\shutil.py", line 790, in rmtree
    return _rmtree_unsafe(path, onexc)
  File "C:\Users\parke\AppData\Local\Programs\Python\Python313\Lib\shutil.py", line 635, in _rmtree_unsafe
    onexc(os.rmdir, path, err)
    ~~~~~^^^^^^^^^^^^^^^^^^^^^
  File "C:\Users\parke\AppData\Local\Programs\Python\Python313\Lib\shutil.py", line 631, in _rmtree_unsafe
    os.rmdir(path)
    ~~~~~~~~^^^^^^
PermissionError: [WinError 5] Access is denied: 'C:\\Users\\parke\\OneDrive\\Desktop\\Haven_Mdev\\build\\HavenControlRoom\\localpycs'
