[2025-11-02 21:23:21,563] ERROR: Uncaught exception
Traceback (most recent call last):
  File "C:\Users\parke\OneDrive\Desktop\Haven_Mdev\src\system_entry_modern.py", line 570, in <module>
    class SystemEntryApp(ctk.CTk):
    ...<895 lines>...
            return f"photos/{dest.name}"
  File "C:\Users\parke\OneDrive\Desktop\Haven_Mdev\src\system_entry_modern.py", line 594, in SystemEntryApp
    self.planets = []
    ^^^^
NameError: name 'self' is not defined
[2025-11-02 21:47:26,998] ERROR: Uncaught exception
Traceback (most recent call last):
  File "C:\Users\parke\OneDrive\Desktop\Haven_Mdev\src\system_entry_modern.py", line 1696, in <module>
    main()
    ~~~~^^
  File "C:\Users\parke\OneDrive\Desktop\Haven_Mdev\src\system_entry_modern.py", line 1692, in main
    app.mainloop()
    ~~~~~~~~~~~~^^
  File "C:\Users\parke\OneDrive\Desktop\Haven_Mdev\.venv\Lib\site-packages\customtkinter\windows\ctk_tk.py", line 165, in mainloop
    super().mainloop(*args, **kwargs)
    ~~~~~~~~~~~~~~~~^^^^^^^^^^^^^^^^^
  File "C:\Users\parke\AppData\Local\Programs\Python\Python313\Lib\tkinter\__init__.py", line 1599, in mainloop
    self.tk.mainloop(n)
    ~~~~~~~~~~~~~~~~^^^
  File "C:\Users\parke\AppData\Local\Programs\Python\Python313\Lib\tkinter\__init__.py", line 2069, in __call__
    def __call__(self, *args):
    
KeyboardInterrupt
[2025-11-02 22:33:31,324] ERROR: Uncaught exception
Traceback (most recent call last):
  File "C:\Users\parke\OneDrive\Desktop\Haven_Mdev\src\system_entry_wizard.py", line 897, in <module>
    main()
    ~~~~^^
  File "C:\Users\parke\OneDrive\Desktop\Haven_Mdev\src\system_entry_wizard.py", line 892, in main
    app = SystemEntryWizard()
  File "C:\Users\parke\OneDrive\Desktop\Haven_Mdev\src\system_entry_wizard.py", line 439, in __init__
    self.build_ui()
    ~~~~~~~~~~~~~^^
  File "C:\Users\parke\OneDrive\Desktop\Haven_Mdev\src\system_entry_wizard.py", line 470, in build_ui
    self.show_page(1)
    ~~~~~~~~~~~~~~^^^
  File "C:\Users\parke\OneDrive\Desktop\Haven_Mdev\src\system_entry_wizard.py", line 761, in show_page
    self.back_btn.configure(state="disabled")
    ^^^^^^^^^^^^^
  File "C:\Users\parke\AppData\Local\Programs\Python\Python313\Lib\tkinter\__init__.py", line 2552, in __getattr__
    return getattr(self.tk, attr)
AttributeError: '_tkinter.tkapp' object has no attribute 'back_btn'
[2025-11-02 22:39:21,183] ERROR: Uncaught exception
Traceback (most recent call last):
  File "C:\Users\parke\OneDrive\Desktop\Haven_Mdev\src\system_entry_wizard.py", line 897, in <module>
    main()
    ~~~~^^
  File "C:\Users\parke\OneDrive\Desktop\Haven_Mdev\src\system_entry_wizard.py", line 893, in main
    app.mainloop()
    ~~~~~~~~~~~~^^
  File "C:\Users\parke\OneDrive\Desktop\Haven_Mdev\.venv\Lib\site-packages\customtkinter\windows\ctk_tk.py", line 165, in mainloop
    super().mainloop(*args, **kwargs)
    ~~~~~~~~~~~~~~~~^^^^^^^^^^^^^^^^^
  File "C:\Users\parke\AppData\Local\Programs\Python\Python313\Lib\tkinter\__init__.py", line 1599, in mainloop
    self.tk.mainloop(n)
    ~~~~~~~~~~~~~~~~^^^
  File "C:\Users\parke\AppData\Local\Programs\Python\Python313\Lib\tkinter\__init__.py", line 2069, in __call__
    def __call__(self, *args):
    
KeyboardInterrupt
