Exception in Tkinter callback
Traceback (most recent call last):
  File "C:\Users\parke\AppData\Local\Programs\Python\Python313\Lib\tkinter\__init__.py", line 2074, in __call__
    return self.func(*args)
           ~~~~~~~~~^^^^^^^
  File "C:\Users\parke\OneDrive\Desktop\Haven_Mdev\.venv\Lib\site-packages\customtkinter\windows\ctk_tk.py", line 87, in destroy
    tkinter.Tk.destroy(self)
    ~~~~~~~~~~~~~~~~~~^^^^^^
  File "C:\Users\parke\AppData\Local\Programs\Python\Python313\Lib\tkinter\__init__.py", line 2510, in destroy
    Misc.destroy(self)
    ~~~~~~~~~~~~^^^^^^
  File "C:\Users\parke\AppData\Local\Programs\Python\Python313\Lib\tkinter\__init__.py", line 689, in destroy
    self.tk.deletecommand(name)
    ~~~~~~~~~~~~~~~~~~~~~^^^^^^
_tkinter.TclError: can't delete Tcl command
Exception in Tkinter callback
Traceback (most recent call last):
  File "C:\Users\parke\AppData\Local\Programs\Python\Python313\Lib\tkinter\__init__.py", line 2074, in __call__
    return self.func(*args)
           ~~~~~~~~~^^^^^^^
  File "C:\Users\parke\AppData\Local\Programs\Python\Python313\Lib\tkinter\__init__.py", line 862, in callit
    func(*args)
    ~~~~^^^^^^^
  File "C:\Users\parke\OneDrive\Desktop\Haven_Mdev\.venv\Lib\site-packages\customtkinter\windows\widgets\scaling\scaling_tracker.py", line 178, in check_dpi_scaling
    if window.winfo_exists() and not window.state() == "iconic":
       ~~~~~~~~~~~~~~~~~~~^^
  File "C:\Users\parke\AppData\Local\Programs\Python\Python313\Lib\tkinter\__init__.py", line 1234, in winfo_exists
    self.tk.call('winfo', 'exists', self._w))
    ~~~~~~~~~~~~^^^^^^^^^^^^^^^^^^^^^^^^^^^^
_tkinter.TclError: can't invoke "winfo" command: application has been destroyed
invalid command name "2390403556160<lambda>"
    while executing
"2390403556160<lambda>"
    ("after" script)
invalid command name "2390403552896<lambda>"
    while executing
"2390403552896<lambda>"
    ("after" script)
